[2026-04-12 06:30:42] INFO     infratrack — InfraTrack API started. Environment loaded.
[2026-04-12 06:32:00] INFO     infratrack — InfraTrack API shutting down.
[2026-04-12 06:32:04] INFO     infratrack — InfraTrack API started. Environment loaded.
[2026-04-12 06:32:18] INFO     infratrack — InfraTrack API shutting down.
[2026-04-12 06:32:20] INFO     infratrack — InfraTrack API started. Environment loaded.
[2026-04-12 06:33:11] INFO     infratrack — InfraTrack API shutting down.
[2026-04-12 06:33:16] INFO     infratrack — InfraTrack API started. Environment loaded.
[2026-04-12 06:34:10] INFO     infratrack — InfraTrack API shutting down.
[2026-04-12 06:34:14] INFO     infratrack — InfraTrack API started. Environment loaded.
[2026-04-12 06:34:18] INFO     infratrack — InfraTrack API started. Environment loaded.
[2026-04-12 06:35:57] INFO     infratrack — InfraTrack API shutting down.
[2026-04-12 06:36:00] INFO     infratrack — InfraTrack API started. Environment loaded.
[2026-04-12 06:36:51] WARNING  infratrack — HTTP 401 on POST /auth/login — Invalid credentials
[2026-04-12 06:38:25] WARNING  passlib.handlers.bcrypt — (trapped) error reading bcrypt version
Traceback (most recent call last):
  File "/workspaces/InfraTrack/venv/lib/python3.12/site-packages/passlib/handlers/bcrypt.py", line 620, in _load_backend_mixin
    version = _bcrypt.__about__.__version__
              ^^^^^^^^^^^^^^^^^
AttributeError: module 'bcrypt' has no attribute '__about__'
[2026-04-12 06:38:25] ERROR    infratrack — Unhandled exception on POST /auth/register:
Traceback (most recent call last):
  File "/workspaces/InfraTrack/venv/lib/python3.12/site-packages/starlette/middleware/errors.py", line 164, in __call__
    await self.app(scope, receive, _send)
  File "/workspaces/InfraTrack/venv/lib/python3.12/site-packages/starlette/middleware/cors.py", line 85, in __call__
    await self.app(scope, receive, send)
  File "/workspaces/InfraTrack/venv/lib/python3.12/site-packages/starlette/middleware/exceptions.py", line 65, in __call__
    await wrap_app_handling_exceptions(self.app, conn)(scope, receive, send)
  File "/workspaces/InfraTrack/venv/lib/python3.12/site-packages/starlette/_exception_handler.py", line 64, in wrapped_app
    raise exc
  File "/workspaces/InfraTrack/venv/lib/python3.12/site-packages/starlette/_exception_handler.py", line 53, in wrapped_app
    await app(scope, receive, sender)
  File "/workspaces/InfraTrack/venv/lib/python3.12/site-packages/starlette/routing.py", line 756, in __call__
    await self.middleware_stack(scope, receive, send)
  File "/workspaces/InfraTrack/venv/lib/python3.12/site-packages/starlette/routing.py", line 776, in app
    await route.handle(scope, receive, send)
  File "/workspaces/InfraTrack/venv/lib/python3.12/site-packages/starlette/routing.py", line 297, in handle
    await self.app(scope, receive, send)
  File "/workspaces/InfraTrack/venv/lib/python3.12/site-packages/starlette/routing.py", line 77, in app
    await wrap_app_handling_exceptions(app, request)(scope, receive, send)
  File "/workspaces/InfraTrack/venv/lib/python3.12/site-packages/starlette/_exception_handler.py", line 64, in wrapped_app
    raise exc
  File "/workspaces/InfraTrack/venv/lib/python3.12/site-packages/starlette/_exception_handler.py", line 53, in wrapped_app
    await app(scope, receive, sender)
  File "/workspaces/InfraTrack/venv/lib/python3.12/site-packages/starlette/routing.py", line 72, in app
    response = await func(request)
               ^^^^^^^^^^^^^^^^^^^
  File "/workspaces/InfraTrack/venv/lib/python3.12/site-packages/fastapi/routing.py", line 278, in app
    raw_response = await run_endpoint_function(
                   ^^^^^^^^^^^^^^^^^^^^^^^^^^^^
  File "/workspaces/InfraTrack/venv/lib/python3.12/site-packages/fastapi/routing.py", line 193, in run_endpoint_function
    return await run_in_threadpool(dependant.call, **values)
           ^^^^^^^^^^^^^^^^^^^^^^^^^^^^^^^^^^^^^^^^^^^^^^^^^
  File "/workspaces/InfraTrack/venv/lib/python3.12/site-packages/starlette/concurrency.py", line 42, in run_in_threadpool
    return await anyio.to_thread.run_sync(func, *args)
           ^^^^^^^^^^^^^^^^^^^^^^^^^^^^^^^^^^^^^^^^^^^
  File "/workspaces/InfraTrack/venv/lib/python3.12/site-packages/anyio/to_thread.py", line 63, in run_sync
    return await get_async_backend().run_sync_in_worker_thread(
           ^^^^^^^^^^^^^^^^^^^^^^^^^^^^^^^^^^^^^^^^^^^^^^^^^^^^
  File "/workspaces/InfraTrack/venv/lib/python3.12/site-packages/anyio/_backends/_asyncio.py", line 2518, in run_sync_in_worker_thread
    return await future
           ^^^^^^^^^^^^
  File "/workspaces/InfraTrack/venv/lib/python3.12/site-packages/anyio/_backends/_asyncio.py", line 1002, in run
    result = context.run(func, *args)
             ^^^^^^^^^^^^^^^^^^^^^^^^
  File "/workspaces/InfraTrack/backend/routes/user_routes.py", line 31, in register
    "password": hash_password(data.password),
                ^^^^^^^^^^^^^^^^^^^^^^^^^^^^
  File "/workspaces/InfraTrack/backend/auth.py", line 18, in hash_password
    return pwd_context.hash(password)
           ^^^^^^^^^^^^^^^^^^^^^^^^^^
  File "/workspaces/InfraTrack/venv/lib/python3.12/site-packages/passlib/context.py", line 2258, in hash
    return record.hash(secret, **kwds)
           ^^^^^^^^^^^^^^^^^^^^^^^^^^^
  File "/workspaces/InfraTrack/venv/lib/python3.12/site-packages/passlib/utils/handlers.py", line 779, in hash
    self.checksum = self._calc_checksum(secret)
                    ^^^^^^^^^^^^^^^^^^^^^^^^^^^
  File "/workspaces/InfraTrack/venv/lib/python3.12/site-packages/passlib/handlers/bcrypt.py", line 591, in _calc_checksum
    self._stub_requires_backend()
  File "/workspaces/InfraTrack/venv/lib/python3.12/site-packages/passlib/utils/handlers.py", line 2254, in _stub_requires_backend
    cls.set_backend()
  File "/workspaces/InfraTrack/venv/lib/python3.12/site-packages/passlib/utils/handlers.py", line 2156, in set_backend
    return owner.set_backend(name, dryrun=dryrun)
           ^^^^^^^^^^^^^^^^^^^^^^^^^^^^^^^^^^^^^^
  File "/workspaces/InfraTrack/venv/lib/python3.12/site-packages/passlib/utils/handlers.py", line 2163, in set_backend
    return cls.set_backend(name, dryrun=dryrun)
           ^^^^^^^^^^^^^^^^^^^^^^^^^^^^^^^^^^^^
  File "/workspaces/InfraTrack/venv/lib/python3.12/site-packages/passlib/utils/handlers.py", line 2188, in set_backend
    cls._set_backend(name, dryrun)
  File "/workspaces/InfraTrack/venv/lib/python3.12/site-packages/passlib/utils/handlers.py", line 2311, in _set_backend
    super(SubclassBackendMixin, cls)._set_backend(name, dryrun)
  File "/workspaces/InfraTrack/venv/lib/python3.12/site-packages/passlib/utils/handlers.py", line 2224, in _set_backend
    ok = loader(**kwds)
         ^^^^^^^^^^^^^^
  File "/workspaces/InfraTrack/venv/lib/python3.12/site-packages/passlib/handlers/bcrypt.py", line 626, in _load_backend_mixin
    return mixin_cls._finalize_backend_mixin(name, dryrun)
           ^^^^^^^^^^^^^^^^^^^^^^^^^^^^^^^^^^^^^^^^^^^^^^^
  File "/workspaces/InfraTrack/venv/lib/python3.12/site-packages/passlib/handlers/bcrypt.py", line 421, in _finalize_backend_mixin
    if detect_wrap_bug(IDENT_2A):
       ^^^^^^^^^^^^^^^^^^^^^^^^^
  File "/workspaces/InfraTrack/venv/lib/python3.12/site-packages/passlib/handlers/bcrypt.py", line 380, in detect_wrap_bug
    if verify(secret, bug_hash):
       ^^^^^^^^^^^^^^^^^^^^^^^^
  File "/workspaces/InfraTrack/venv/lib/python3.12/site-packages/passlib/utils/handlers.py", line 792, in verify
    return consteq(self._calc_checksum(secret), chk)
                   ^^^^^^^^^^^^^^^^^^^^^^^^^^^
  File "/workspaces/InfraTrack/venv/lib/python3.12/site-packages/passlib/handlers/bcrypt.py", line 655, in _calc_checksum
    hash = _bcrypt.hashpw(secret, config)
           ^^^^^^^^^^^^^^^^^^^^^^^^^^^^^^
ValueError: password cannot be longer than 72 bytes, truncate manually if necessary (e.g. my_password[:72])

[2026-04-12 06:38:57] INFO     infratrack — InfraTrack API shutting down.
[2026-04-12 06:38:58] INFO     infratrack — InfraTrack API started. Environment loaded.
[2026-04-12 06:39:08] INFO     infratrack — InfraTrack API shutting down.
[2026-04-12 06:39:10] INFO     infratrack — InfraTrack API started. Environment loaded.
[2026-04-12 06:40:18] INFO     infratrack — InfraTrack API shutting down.
[2026-04-12 06:40:21] INFO     infratrack — InfraTrack API started. Environment loaded.
[2026-04-12 06:40:24] INFO     infratrack — InfraTrack API started. Environment loaded.
[2026-04-12 06:41:25] WARNING  passlib.handlers.bcrypt — (trapped) error reading bcrypt version
Traceback (most recent call last):
  File "/workspaces/InfraTrack/venv/lib/python3.12/site-packages/passlib/handlers/bcrypt.py", line 620, in _load_backend_mixin
    version = _bcrypt.__about__.__version__
              ^^^^^^^^^^^^^^^^^
AttributeError: module 'bcrypt' has no attribute '__about__'
[2026-04-12 06:41:25] ERROR    infratrack — Unhandled exception on POST /auth/register:
Traceback (most recent call last):
  File "/workspaces/InfraTrack/venv/lib/python3.12/site-packages/starlette/middleware/errors.py", line 164, in __call__
    await self.app(scope, receive, _send)
  File "/workspaces/InfraTrack/venv/lib/python3.12/site-packages/starlette/middleware/cors.py", line 85, in __call__
    await self.app(scope, receive, send)
  File "/workspaces/InfraTrack/venv/lib/python3.12/site-packages/starlette/middleware/exceptions.py", line 65, in __call__
    await wrap_app_handling_exceptions(self.app, conn)(scope, receive, send)
  File "/workspaces/InfraTrack/venv/lib/python3.12/site-packages/starlette/_exception_handler.py", line 64, in wrapped_app
    raise exc
  File "/workspaces/InfraTrack/venv/lib/python3.12/site-packages/starlette/_exception_handler.py", line 53, in wrapped_app
    await app(scope, receive, sender)
  File "/workspaces/InfraTrack/venv/lib/python3.12/site-packages/starlette/routing.py", line 756, in __call__
    await self.middleware_stack(scope, receive, send)
  File "/workspaces/InfraTrack/venv/lib/python3.12/site-packages/starlette/routing.py", line 776, in app
    await route.handle(scope, receive, send)
  File "/workspaces/InfraTrack/venv/lib/python3.12/site-packages/starlette/routing.py", line 297, in handle
    await self.app(scope, receive, send)
  File "/workspaces/InfraTrack/venv/lib/python3.12/site-packages/starlette/routing.py", line 77, in app
    await wrap_app_handling_exceptions(app, request)(scope, receive, send)
  File "/workspaces/InfraTrack/venv/lib/python3.12/site-packages/starlette/_exception_handler.py", line 64, in wrapped_app
    raise exc
  File "/workspaces/InfraTrack/venv/lib/python3.12/site-packages/starlette/_exception_handler.py", line 53, in wrapped_app
    await app(scope, receive, sender)
  File "/workspaces/InfraTrack/venv/lib/python3.12/site-packages/starlette/routing.py", line 72, in app
    response = await func(request)
               ^^^^^^^^^^^^^^^^^^^
  File "/workspaces/InfraTrack/venv/lib/python3.12/site-packages/fastapi/routing.py", line 278, in app
    raw_response = await run_endpoint_function(
                   ^^^^^^^^^^^^^^^^^^^^^^^^^^^^
  File "/workspaces/InfraTrack/venv/lib/python3.12/site-packages/fastapi/routing.py", line 193, in run_endpoint_function
    return await run_in_threadpool(dependant.call, **values)
           ^^^^^^^^^^^^^^^^^^^^^^^^^^^^^^^^^^^^^^^^^^^^^^^^^
  File "/workspaces/InfraTrack/venv/lib/python3.12/site-packages/starlette/concurrency.py", line 42, in run_in_threadpool
    return await anyio.to_thread.run_sync(func, *args)
           ^^^^^^^^^^^^^^^^^^^^^^^^^^^^^^^^^^^^^^^^^^^
  File "/workspaces/InfraTrack/venv/lib/python3.12/site-packages/anyio/to_thread.py", line 63, in run_sync
    return await get_async_backend().run_sync_in_worker_thread(
           ^^^^^^^^^^^^^^^^^^^^^^^^^^^^^^^^^^^^^^^^^^^^^^^^^^^^
  File "/workspaces/InfraTrack/venv/lib/python3.12/site-packages/anyio/_backends/_asyncio.py", line 2518, in run_sync_in_worker_thread
    return await future
           ^^^^^^^^^^^^
  File "/workspaces/InfraTrack/venv/lib/python3.12/site-packages/anyio/_backends/_asyncio.py", line 1002, in run
    result = context.run(func, *args)
             ^^^^^^^^^^^^^^^^^^^^^^^^
  File "/workspaces/InfraTrack/backend/routes/user_routes.py", line 31, in register
    "password": hash_password(data.password),
                ^^^^^^^^^^^^^^^^^^^^^^^^^^^^
  File "/workspaces/InfraTrack/backend/auth.py", line 18, in hash_password
    return pwd_context.hash(password)
           ^^^^^^^^^^^^^^^^^^^^^^^^^^
  File "/workspaces/InfraTrack/venv/lib/python3.12/site-packages/passlib/context.py", line 2258, in hash
    return record.hash(secret, **kwds)
           ^^^^^^^^^^^^^^^^^^^^^^^^^^^
  File "/workspaces/InfraTrack/venv/lib/python3.12/site-packages/passlib/utils/handlers.py", line 779, in hash
    self.checksum = self._calc_checksum(secret)
                    ^^^^^^^^^^^^^^^^^^^^^^^^^^^
  File "/workspaces/InfraTrack/venv/lib/python3.12/site-packages/passlib/handlers/bcrypt.py", line 591, in _calc_checksum
    self._stub_requires_backend()
  File "/workspaces/InfraTrack/venv/lib/python3.12/site-packages/passlib/utils/handlers.py", line 2254, in _stub_requires_backend
    cls.set_backend()
  File "/workspaces/InfraTrack/venv/lib/python3.12/site-packages/passlib/utils/handlers.py", line 2156, in set_backend
    return owner.set_backend(name, dryrun=dryrun)
           ^^^^^^^^^^^^^^^^^^^^^^^^^^^^^^^^^^^^^^
  File "/workspaces/InfraTrack/venv/lib/python3.12/site-packages/passlib/utils/handlers.py", line 2163, in set_backend
    return cls.set_backend(name, dryrun=dryrun)
           ^^^^^^^^^^^^^^^^^^^^^^^^^^^^^^^^^^^^
  File "/workspaces/InfraTrack/venv/lib/python3.12/site-packages/passlib/utils/handlers.py", line 2188, in set_backend
    cls._set_backend(name, dryrun)
  File "/workspaces/InfraTrack/venv/lib/python3.12/site-packages/passlib/utils/handlers.py", line 2311, in _set_backend
    super(SubclassBackendMixin, cls)._set_backend(name, dryrun)
  File "/workspaces/InfraTrack/venv/lib/python3.12/site-packages/passlib/utils/handlers.py", line 2224, in _set_backend
    ok = loader(**kwds)
         ^^^^^^^^^^^^^^
  File "/workspaces/InfraTrack/venv/lib/python3.12/site-packages/passlib/handlers/bcrypt.py", line 626, in _load_backend_mixin
    return mixin_cls._finalize_backend_mixin(name, dryrun)
           ^^^^^^^^^^^^^^^^^^^^^^^^^^^^^^^^^^^^^^^^^^^^^^^
  File "/workspaces/InfraTrack/venv/lib/python3.12/site-packages/passlib/handlers/bcrypt.py", line 421, in _finalize_backend_mixin
    if detect_wrap_bug(IDENT_2A):
       ^^^^^^^^^^^^^^^^^^^^^^^^^
  File "/workspaces/InfraTrack/venv/lib/python3.12/site-packages/passlib/handlers/bcrypt.py", line 380, in detect_wrap_bug
    if verify(secret, bug_hash):
       ^^^^^^^^^^^^^^^^^^^^^^^^
  File "/workspaces/InfraTrack/venv/lib/python3.12/site-packages/passlib/utils/handlers.py", line 792, in verify
    return consteq(self._calc_checksum(secret), chk)
                   ^^^^^^^^^^^^^^^^^^^^^^^^^^^
  File "/workspaces/InfraTrack/venv/lib/python3.12/site-packages/passlib/handlers/bcrypt.py", line 655, in _calc_checksum
    hash = _bcrypt.hashpw(secret, config)
           ^^^^^^^^^^^^^^^^^^^^^^^^^^^^^^
ValueError: password cannot be longer than 72 bytes, truncate manually if necessary (e.g. my_password[:72])

[2026-04-12 06:51:33] INFO     infratrack — InfraTrack API shutting down.
[2026-04-12 06:51:36] INFO     infratrack — InfraTrack API started. Environment loaded.
[2026-04-12 06:51:38] INFO     infratrack — InfraTrack API started. Environment loaded.
[2026-04-12 06:52:52] WARNING  passlib.handlers.bcrypt — (trapped) error reading bcrypt version
Traceback (most recent call last):
  File "/workspaces/InfraTrack/venv/lib/python3.12/site-packages/passlib/handlers/bcrypt.py", line 620, in _load_backend_mixin
    version = _bcrypt.__about__.__version__
              ^^^^^^^^^^^^^^^^^
AttributeError: module 'bcrypt' has no attribute '__about__'
[2026-04-12 06:52:52] ERROR    infratrack — Unhandled exception on POST /auth/register:
Traceback (most recent call last):
  File "/workspaces/InfraTrack/venv/lib/python3.12/site-packages/starlette/middleware/errors.py", line 164, in __call__
    await self.app(scope, receive, _send)
  File "/workspaces/InfraTrack/venv/lib/python3.12/site-packages/starlette/middleware/cors.py", line 85, in __call__
    await self.app(scope, receive, send)
  File "/workspaces/InfraTrack/venv/lib/python3.12/site-packages/starlette/middleware/exceptions.py", line 65, in __call__
    await wrap_app_handling_exceptions(self.app, conn)(scope, receive, send)
  File "/workspaces/InfraTrack/venv/lib/python3.12/site-packages/starlette/_exception_handler.py", line 64, in wrapped_app
    raise exc
  File "/workspaces/InfraTrack/venv/lib/python3.12/site-packages/starlette/_exception_handler.py", line 53, in wrapped_app
    await app(scope, receive, sender)
  File "/workspaces/InfraTrack/venv/lib/python3.12/site-packages/starlette/routing.py", line 756, in __call__
    await self.middleware_stack(scope, receive, send)
  File "/workspaces/InfraTrack/venv/lib/python3.12/site-packages/starlette/routing.py", line 776, in app
    await route.handle(scope, receive, send)
  File "/workspaces/InfraTrack/venv/lib/python3.12/site-packages/starlette/routing.py", line 297, in handle
    await self.app(scope, receive, send)
  File "/workspaces/InfraTrack/venv/lib/python3.12/site-packages/starlette/routing.py", line 77, in app
    await wrap_app_handling_exceptions(app, request)(scope, receive, send)
  File "/workspaces/InfraTrack/venv/lib/python3.12/site-packages/starlette/_exception_handler.py", line 64, in wrapped_app
    raise exc
  File "/workspaces/InfraTrack/venv/lib/python3.12/site-packages/starlette/_exception_handler.py", line 53, in wrapped_app
    await app(scope, receive, sender)
  File "/workspaces/InfraTrack/venv/lib/python3.12/site-packages/starlette/routing.py", line 72, in app
    response = await func(request)
               ^^^^^^^^^^^^^^^^^^^
  File "/workspaces/InfraTrack/venv/lib/python3.12/site-packages/fastapi/routing.py", line 278, in app
    raw_response = await run_endpoint_function(
                   ^^^^^^^^^^^^^^^^^^^^^^^^^^^^
  File "/workspaces/InfraTrack/venv/lib/python3.12/site-packages/fastapi/routing.py", line 193, in run_endpoint_function
    return await run_in_threadpool(dependant.call, **values)
           ^^^^^^^^^^^^^^^^^^^^^^^^^^^^^^^^^^^^^^^^^^^^^^^^^
  File "/workspaces/InfraTrack/venv/lib/python3.12/site-packages/starlette/concurrency.py", line 42, in run_in_threadpool
    return await anyio.to_thread.run_sync(func, *args)
           ^^^^^^^^^^^^^^^^^^^^^^^^^^^^^^^^^^^^^^^^^^^
  File "/workspaces/InfraTrack/venv/lib/python3.12/site-packages/anyio/to_thread.py", line 63, in run_sync
    return await get_async_backend().run_sync_in_worker_thread(
           ^^^^^^^^^^^^^^^^^^^^^^^^^^^^^^^^^^^^^^^^^^^^^^^^^^^^
  File "/workspaces/InfraTrack/venv/lib/python3.12/site-packages/anyio/_backends/_asyncio.py", line 2518, in run_sync_in_worker_thread
    return await future
           ^^^^^^^^^^^^
  File "/workspaces/InfraTrack/venv/lib/python3.12/site-packages/anyio/_backends/_asyncio.py", line 1002, in run
    result = context.run(func, *args)
             ^^^^^^^^^^^^^^^^^^^^^^^^
  File "/workspaces/InfraTrack/backend/routes/user_routes.py", line 31, in register
    "password": hash_password(data.password),
                ^^^^^^^^^^^^^^^^^^^^^^^^^^^^
  File "/workspaces/InfraTrack/backend/auth.py", line 27, in hash_password
    return pwd_context.hash(password)
           ^^^^^^^^^^^^^^^^^^^^^^^^^^
  File "/workspaces/InfraTrack/venv/lib/python3.12/site-packages/passlib/context.py", line 2258, in hash
    return record.hash(secret, **kwds)
           ^^^^^^^^^^^^^^^^^^^^^^^^^^^
  File "/workspaces/InfraTrack/venv/lib/python3.12/site-packages/passlib/utils/handlers.py", line 779, in hash
    self.checksum = self._calc_checksum(secret)
                    ^^^^^^^^^^^^^^^^^^^^^^^^^^^
  File "/workspaces/InfraTrack/venv/lib/python3.12/site-packages/passlib/handlers/bcrypt.py", line 591, in _calc_checksum
    self._stub_requires_backend()
  File "/workspaces/InfraTrack/venv/lib/python3.12/site-packages/passlib/utils/handlers.py", line 2254, in _stub_requires_backend
    cls.set_backend()
  File "/workspaces/InfraTrack/venv/lib/python3.12/site-packages/passlib/utils/handlers.py", line 2156, in set_backend
    return owner.set_backend(name, dryrun=dryrun)
           ^^^^^^^^^^^^^^^^^^^^^^^^^^^^^^^^^^^^^^
  File "/workspaces/InfraTrack/venv/lib/python3.12/site-packages/passlib/utils/handlers.py", line 2163, in set_backend
    return cls.set_backend(name, dryrun=dryrun)
           ^^^^^^^^^^^^^^^^^^^^^^^^^^^^^^^^^^^^
  File "/workspaces/InfraTrack/venv/lib/python3.12/site-packages/passlib/utils/handlers.py", line 2188, in set_backend
    cls._set_backend(name, dryrun)
  File "/workspaces/InfraTrack/venv/lib/python3.12/site-packages/passlib/utils/handlers.py", line 2311, in _set_backend
    super(SubclassBackendMixin, cls)._set_backend(name, dryrun)
  File "/workspaces/InfraTrack/venv/lib/python3.12/site-packages/passlib/utils/handlers.py", line 2224, in _set_backend
    ok = loader(**kwds)
         ^^^^^^^^^^^^^^
  File "/workspaces/InfraTrack/venv/lib/python3.12/site-packages/passlib/handlers/bcrypt.py", line 626, in _load_backend_mixin
    return mixin_cls._finalize_backend_mixin(name, dryrun)
           ^^^^^^^^^^^^^^^^^^^^^^^^^^^^^^^^^^^^^^^^^^^^^^^
  File "/workspaces/InfraTrack/venv/lib/python3.12/site-packages/passlib/handlers/bcrypt.py", line 421, in _finalize_backend_mixin
    if detect_wrap_bug(IDENT_2A):
       ^^^^^^^^^^^^^^^^^^^^^^^^^
  File "/workspaces/InfraTrack/venv/lib/python3.12/site-packages/passlib/handlers/bcrypt.py", line 380, in detect_wrap_bug
    if verify(secret, bug_hash):
       ^^^^^^^^^^^^^^^^^^^^^^^^
  File "/workspaces/InfraTrack/venv/lib/python3.12/site-packages/passlib/utils/handlers.py", line 792, in verify
    return consteq(self._calc_checksum(secret), chk)
                   ^^^^^^^^^^^^^^^^^^^^^^^^^^^
  File "/workspaces/InfraTrack/venv/lib/python3.12/site-packages/passlib/handlers/bcrypt.py", line 655, in _calc_checksum
    hash = _bcrypt.hashpw(secret, config)
           ^^^^^^^^^^^^^^^^^^^^^^^^^^^^^^
ValueError: password cannot be longer than 72 bytes, truncate manually if necessary (e.g. my_password[:72])

[2026-04-13 17:13:49] INFO     infratrack — InfraTrack API started. Environment loaded.
[2026-04-13 17:14:39] WARNING  passlib.handlers.bcrypt — (trapped) error reading bcrypt version
Traceback (most recent call last):
  File "/workspaces/InfraTrack/.venv/lib/python3.12/site-packages/passlib/handlers/bcrypt.py", line 620, in _load_backend_mixin
    version = _bcrypt.__about__.__version__
              ^^^^^^^^^^^^^^^^^
AttributeError: module 'bcrypt' has no attribute '__about__'
[2026-04-13 17:14:39] ERROR    infratrack — Unhandled exception on POST /auth/register:
Traceback (most recent call last):
  File "/workspaces/InfraTrack/.venv/lib/python3.12/site-packages/starlette/middleware/errors.py", line 164, in __call__
    await self.app(scope, receive, _send)
  File "/workspaces/InfraTrack/.venv/lib/python3.12/site-packages/starlette/middleware/cors.py", line 85, in __call__
    await self.app(scope, receive, send)
  File "/workspaces/InfraTrack/.venv/lib/python3.12/site-packages/starlette/middleware/exceptions.py", line 65, in __call__
    await wrap_app_handling_exceptions(self.app, conn)(scope, receive, send)
  File "/workspaces/InfraTrack/.venv/lib/python3.12/site-packages/starlette/_exception_handler.py", line 64, in wrapped_app
    raise exc
  File "/workspaces/InfraTrack/.venv/lib/python3.12/site-packages/starlette/_exception_handler.py", line 53, in wrapped_app
    await app(scope, receive, sender)
  File "/workspaces/InfraTrack/.venv/lib/python3.12/site-packages/starlette/routing.py", line 756, in __call__
    await self.middleware_stack(scope, receive, send)
  File "/workspaces/InfraTrack/.venv/lib/python3.12/site-packages/starlette/routing.py", line 776, in app
    await route.handle(scope, receive, send)
  File "/workspaces/InfraTrack/.venv/lib/python3.12/site-packages/starlette/routing.py", line 297, in handle
    await self.app(scope, receive, send)
  File "/workspaces/InfraTrack/.venv/lib/python3.12/site-packages/starlette/routing.py", line 77, in app
    await wrap_app_handling_exceptions(app, request)(scope, receive, send)
  File "/workspaces/InfraTrack/.venv/lib/python3.12/site-packages/starlette/_exception_handler.py", line 64, in wrapped_app
    raise exc
  File "/workspaces/InfraTrack/.venv/lib/python3.12/site-packages/starlette/_exception_handler.py", line 53, in wrapped_app
    await app(scope, receive, sender)
  File "/workspaces/InfraTrack/.venv/lib/python3.12/site-packages/starlette/routing.py", line 72, in app
    response = await func(request)
               ^^^^^^^^^^^^^^^^^^^
  File "/workspaces/InfraTrack/.venv/lib/python3.12/site-packages/fastapi/routing.py", line 278, in app
    raw_response = await run_endpoint_function(
                   ^^^^^^^^^^^^^^^^^^^^^^^^^^^^
  File "/workspaces/InfraTrack/.venv/lib/python3.12/site-packages/fastapi/routing.py", line 193, in run_endpoint_function
    return await run_in_threadpool(dependant.call, **values)
           ^^^^^^^^^^^^^^^^^^^^^^^^^^^^^^^^^^^^^^^^^^^^^^^^^
  File "/workspaces/InfraTrack/.venv/lib/python3.12/site-packages/starlette/concurrency.py", line 42, in run_in_threadpool
    return await anyio.to_thread.run_sync(func, *args)
           ^^^^^^^^^^^^^^^^^^^^^^^^^^^^^^^^^^^^^^^^^^^
  File "/workspaces/InfraTrack/.venv/lib/python3.12/site-packages/anyio/to_thread.py", line 63, in run_sync
    return await get_async_backend().run_sync_in_worker_thread(
           ^^^^^^^^^^^^^^^^^^^^^^^^^^^^^^^^^^^^^^^^^^^^^^^^^^^^
  File "/workspaces/InfraTrack/.venv/lib/python3.12/site-packages/anyio/_backends/_asyncio.py", line 2518, in run_sync_in_worker_thread
    return await future
           ^^^^^^^^^^^^
  File "/workspaces/InfraTrack/.venv/lib/python3.12/site-packages/anyio/_backends/_asyncio.py", line 1002, in run
    result = context.run(func, *args)
             ^^^^^^^^^^^^^^^^^^^^^^^^
  File "/workspaces/InfraTrack/backend/routes/user_routes.py", line 31, in register
    "password": hash_password(data.password),
                ^^^^^^^^^^^^^^^^^^^^^^^^^^^^
  File "/workspaces/InfraTrack/backend/auth.py", line 27, in hash_password
    return pwd_context.hash(password)
           ^^^^^^^^^^^^^^^^^^^^^^^^^^
  File "/workspaces/InfraTrack/.venv/lib/python3.12/site-packages/passlib/context.py", line 2258, in hash
    return record.hash(secret, **kwds)
           ^^^^^^^^^^^^^^^^^^^^^^^^^^^
  File "/workspaces/InfraTrack/.venv/lib/python3.12/site-packages/passlib/utils/handlers.py", line 779, in hash
    self.checksum = self._calc_checksum(secret)
                    ^^^^^^^^^^^^^^^^^^^^^^^^^^^
  File "/workspaces/InfraTrack/.venv/lib/python3.12/site-packages/passlib/handlers/bcrypt.py", line 591, in _calc_checksum
    self._stub_requires_backend()
  File "/workspaces/InfraTrack/.venv/lib/python3.12/site-packages/passlib/utils/handlers.py", line 2254, in _stub_requires_backend
    cls.set_backend()
  File "/workspaces/InfraTrack/.venv/lib/python3.12/site-packages/passlib/utils/handlers.py", line 2156, in set_backend
    return owner.set_backend(name, dryrun=dryrun)
           ^^^^^^^^^^^^^^^^^^^^^^^^^^^^^^^^^^^^^^
  File "/workspaces/InfraTrack/.venv/lib/python3.12/site-packages/passlib/utils/handlers.py", line 2163, in set_backend
    return cls.set_backend(name, dryrun=dryrun)
           ^^^^^^^^^^^^^^^^^^^^^^^^^^^^^^^^^^^^
  File "/workspaces/InfraTrack/.venv/lib/python3.12/site-packages/passlib/utils/handlers.py", line 2188, in set_backend
    cls._set_backend(name, dryrun)
  File "/workspaces/InfraTrack/.venv/lib/python3.12/site-packages/passlib/utils/handlers.py", line 2311, in _set_backend
    super(SubclassBackendMixin, cls)._set_backend(name, dryrun)
  File "/workspaces/InfraTrack/.venv/lib/python3.12/site-packages/passlib/utils/handlers.py", line 2224, in _set_backend
    ok = loader(**kwds)
         ^^^^^^^^^^^^^^
  File "/workspaces/InfraTrack/.venv/lib/python3.12/site-packages/passlib/handlers/bcrypt.py", line 626, in _load_backend_mixin
    return mixin_cls._finalize_backend_mixin(name, dryrun)
           ^^^^^^^^^^^^^^^^^^^^^^^^^^^^^^^^^^^^^^^^^^^^^^^
  File "/workspaces/InfraTrack/.venv/lib/python3.12/site-packages/passlib/handlers/bcrypt.py", line 421, in _finalize_backend_mixin
    if detect_wrap_bug(IDENT_2A):
       ^^^^^^^^^^^^^^^^^^^^^^^^^
  File "/workspaces/InfraTrack/.venv/lib/python3.12/site-packages/passlib/handlers/bcrypt.py", line 380, in detect_wrap_bug
    if verify(secret, bug_hash):
       ^^^^^^^^^^^^^^^^^^^^^^^^
  File "/workspaces/InfraTrack/.venv/lib/python3.12/site-packages/passlib/utils/handlers.py", line 792, in verify
    return consteq(self._calc_checksum(secret), chk)
                   ^^^^^^^^^^^^^^^^^^^^^^^^^^^
  File "/workspaces/InfraTrack/.venv/lib/python3.12/site-packages/passlib/handlers/bcrypt.py", line 655, in _calc_checksum
    hash = _bcrypt.hashpw(secret, config)
           ^^^^^^^^^^^^^^^^^^^^^^^^^^^^^^
ValueError: password cannot be longer than 72 bytes, truncate manually if necessary (e.g. my_password[:72])

[2026-04-13 17:15:54] INFO     infratrack — InfraTrack API shutting down.
[2026-04-13 17:15:56] INFO     infratrack — InfraTrack API started. Environment loaded.
[2026-04-13 17:16:04] INFO     infratrack — InfraTrack API shutting down.
[2026-04-13 17:16:05] INFO     infratrack — InfraTrack API started. Environment loaded.
[2026-04-13 17:16:15] INFO     infratrack — InfraTrack API shutting down.
[2026-04-13 17:16:17] INFO     infratrack — InfraTrack API started. Environment loaded.
[2026-04-13 17:16:19] INFO     infratrack — InfraTrack API shutting down.
[2026-04-13 17:16:42] INFO     infratrack — InfraTrack API started. Environment loaded.
[2026-04-13 17:17:48] WARNING  infratrack — HTTP 400 on POST /auth/register — Username already taken
[2026-04-13 17:17:49] WARNING  infratrack — HTTP 400 on POST /auth/register — Username already taken
[2026-04-13 17:19:43] INFO     infratrack — InfraTrack API shutting down.
[2026-04-13 17:19:48] INFO     infratrack — InfraTrack API started. Environment loaded.
[2026-04-13 17:23:34] WARNING  infratrack — HTTP 400 on POST /auth/register — Username already taken
[2026-04-13 17:24:03] WARNING  infratrack — Validation error on /auth/register: body → email: value is not a valid email address: The part after the @-sign is not valid. It should have a period.
[2026-04-13 17:24:14] WARNING  infratrack — HTTP 400 on POST /auth/register — Email already registered
[2026-04-13 17:24:17] WARNING  infratrack — HTTP 400 on POST /auth/register — Email already registered
[2026-04-13 17:24:18] WARNING  infratrack — HTTP 400 on POST /auth/register — Email already registered
[2026-04-13 17:24:18] WARNING  infratrack — HTTP 400 on POST /auth/register — Email already registered
[2026-04-13 17:24:19] WARNING  infratrack — HTTP 400 on POST /auth/register — Email already registered
[2026-04-13 17:24:19] WARNING  infratrack — HTTP 400 on POST /auth/register — Email already registered
[2026-04-13 17:24:19] WARNING  infratrack — HTTP 400 on POST /auth/register — Email already registered
[2026-04-13 17:24:20] WARNING  infratrack — HTTP 400 on POST /auth/register — Email already registered
[2026-04-13 17:24:20] WARNING  infratrack — HTTP 400 on POST /auth/register — Email already registered
[2026-04-13 17:24:20] WARNING  infratrack — HTTP 400 on POST /auth/register — Email already registered
[2026-04-13 17:24:52] INFO     infratrack — InfraTrack API shutting down.
[2026-04-13 17:27:35] INFO     infratrack — InfraTrack API started. Environment loaded.
[2026-04-13 17:29:35] WARNING  infratrack — HTTP 400 on POST /auth/register — Username already taken
[2026-04-13 17:29:36] WARNING  infratrack — HTTP 400 on POST /auth/register — Username already taken
[2026-04-13 17:29:54] WARNING  infratrack — HTTP 400 on POST /auth/register — Username already taken
[2026-04-13 17:29:54] WARNING  infratrack — HTTP 400 on POST /auth/register — Username already taken
[2026-04-13 17:29:54] WARNING  infratrack — HTTP 400 on POST /auth/register — Username already taken
[2026-04-13 17:36:36] INFO     infratrack — InfraTrack API shutting down.
[2026-04-13 17:36:38] INFO     infratrack — InfraTrack API started. Environment loaded.
[2026-04-13 17:36:52] INFO     infratrack — InfraTrack API shutting down.
[2026-04-13 17:37:01] INFO     infratrack — InfraTrack API started. Environment loaded.
[2026-04-13 17:37:20] INFO     infratrack — InfraTrack API started. Environment loaded.
[2026-04-13 17:37:45] INFO     infratrack — InfraTrack API shutting down.
[2026-04-13 17:37:49] INFO     infratrack — InfraTrack API started. Environment loaded.
[2026-04-13 17:39:22] INFO     infratrack — InfraTrack API shutting down.
[2026-04-13 17:39:31] INFO     infratrack — InfraTrack API started. Environment loaded.
[2026-04-14 09:04:35] INFO     infratrack — InfraTrack API started. Environment loaded.
[2026-04-14 09:08:05] WARNING  infratrack — HTTP 400 on POST /auth/register — Username already taken
[2026-04-14 09:08:13] WARNING  infratrack — HTTP 400 on POST /auth/register — Username already taken
